# JRE version: OpenJDK Runtime Environment Microsoft-40648 (11.0.16.1+1) (build 11.0.16.1+1-LTS)
# Java VM: OpenJDK 64-Bit Server VM Microsoft-40648 (11.0.16.1+1-LTS, mixed mode, tiered, compressed oops, g1 gc, windows-amd64)
Heap:
 garbage-first heap   total 640000K, used 272332K [0x00000000c0000000, 0x0000000100000000)
  region size 1024K, 8 young (8192K), 8 survivors (8192K)
 Metaspace       used 20381K, capacity 21140K, committed 21248K, reserved 1067008K
  class space    used 2381K, capacity 2748K, committed 2816K, reserved 1048576K
GC Heap History (20 events):
Event: 1.064 GC heap after
{Heap after GC invocations=6 (full 0):
 garbage-first heap   total 524288K, used 60166K [0x00000000c0000000, 0x0000000100000000)
  region size 1024K, 11 young (11264K), 11 survivors (11264K)
 Metaspace       used 13517K, capacity 13801K, committed 14080K, reserved 1062912K
  class space    used 1338K, capacity 1474K, committed 1536K, reserved 1048576K
}
Event: 1.242 GC heap before
{Heap before GC invocations=6 (full 0):
 garbage-first heap   total 524288K, used 163590K [0x00000000c0000000, 0x0000000100000000)
  region size 1024K, 113 young (115712K), 11 survivors (11264K)
 Metaspace       used 13679K, capacity 14006K, committed 14080K, reserved 1062912K
  class space    used 1345K, capacity 1477K, committed 1536K, reserved 1048576K
}
Event: 1.258 GC heap after
{Heap after GC invocations=7 (full 0):
 garbage-first heap   total 524288K, used 83204K [0x00000000c0000000, 0x0000000100000000)
  region size 1024K, 15 young (15360K), 15 survivors (15360K)
 Metaspace       used 13679K, capacity 14006K, committed 14080K, reserved 1062912K
  class space    used 1345K, capacity 1477K, committed 1536K, reserved 1048576K
}
Event: 1.275 GC heap before
{Heap before GC invocations=7 (full 0):
 garbage-first heap   total 524288K, used 100612K [0x00000000c0000000, 0x0000000100000000)
  region size 1024K, 32 young (32768K), 15 survivors (15360K)
 Metaspace       used 13685K, capacity 14006K, committed 14080K, reserved 1062912K
  class space    used 1345K, capacity 1477K, committed 1536K, reserved 1048576K
}
Event: 1.285 GC heap after
{Heap after GC invocations=8 (full 0):
 garbage-first heap   total 524288K, used 89022K [0x00000000c0000000, 0x0000000100000000)
  region size 1024K, 4 young (4096K), 4 survivors (4096K)
 Metaspace       used 13685K, capacity 14006K, committed 14080K, reserved 1062912K
  class space    used 1345K, capacity 1477K, committed 1536K, reserved 1048576K
}
Event: 1.427 GC heap before
{Heap before GC invocations=8 (full 0):
 garbage-first heap   total 524288K, used 186302K [0x00000000c0000000, 0x0000000100000000)
  region size 1024K, 95 young (97280K), 4 survivors (4096K)
 Metaspace       used 13736K, capacity 14014K, committed 14080K, reserved 1062912K
  class space    used 1345K, capacity 1477K, committed 1536K, reserved 1048576K
}
Event: 1.443 GC heap after
{Heap after GC invocations=9 (full 0):
 garbage-first heap   total 524288K, used 113544K [0x00000000c0000000, 0x0000000100000000)
  region size 1024K, 12 young (12288K), 12 survivors (12288K)
 Metaspace       used 13736K, capacity 14014K, committed 14080K, reserved 1062912K
  class space    used 1345K, capacity 1477K, committed 1536K, reserved 1048576K
}
Event: 1.582 GC heap before
{Heap before GC invocations=9 (full 0):
 garbage-first heap   total 524288K, used 155528K [0x00000000c0000000, 0x0000000100000000)
  region size 1024K, 53 young (54272K), 12 survivors (12288K)
 Metaspace       used 14940K, capacity 15286K, committed 15616K, reserved 1062912K
  class space    used 1524K, capacity 1689K, committed 1792K, reserved 1048576K
}
Event: 1.597 GC heap after
{Heap after GC invocations=10 (full 0):
 garbage-first heap   total 524288K, used 123115K [0x00000000c0000000, 0x0000000100000000)
  region size 1024K, 7 young (7168K), 7 survivors (7168K)
 Metaspace       used 14940K, capacity 15286K, committed 15616K, reserved 1062912K
  class space    used 1524K, capacity 1689K, committed 1792K, reserved 1048576K
}
Event: 1.726 GC heap before
{Heap before GC invocations=10 (full 0):
 garbage-first heap   total 524288K, used 226539K [0x00000000c0000000, 0x0000000100000000)
  region size 1024K, 108 young (110592K), 7 survivors (7168K)
 Metaspace       used 15388K, capacity 15771K, committed 15872K, reserved 1062912K
  class space    used 1574K, capacity 1721K, committed 1792K, reserved 1048576K
}
Event: 1.742 GC heap after
{Heap after GC invocations=11 (full 0):
 garbage-first heap   total 524288K, used 143360K [0x00000000c0000000, 0x0000000100000000)
  region size 1024K, 14 young (14336K), 14 survivors (14336K)
 Metaspace       used 15388K, capacity 15771K, committed 15872K, reserved 1062912K
  class space    used 1574K, capacity 1721K, committed 1792K, reserved 1048576K
}
Event: 1.875 GC heap before
{Heap before GC invocations=11 (full 0):
 garbage-first heap   total 524288K, used 279552K [0x00000000c0000000, 0x0000000100000000)
  region size 1024K, 147 young (150528K), 14 survivors (14336K)
 Metaspace       used 15392K, capacity 15772K, committed 15872K, reserved 1062912K
  class space    used 1574K, capacity 1721K, committed 1792K, reserved 1048576K
}
Event: 1.897 GC heap after
{Heap after GC invocations=12 (full 0):
 garbage-first heap   total 567296K, used 169696K [0x00000000c0000000, 0x0000000100000000)
  region size 1024K, 19 young (19456K), 19 survivors (19456K)
 Metaspace       used 15392K, capacity 15772K, committed 15872K, reserved 1062912K
  class space    used 1574K, capacity 1721K, committed 1792K, reserved 1048576K
}
Event: 2.201 GC heap before
{Heap before GC invocations=12 (full 0):
 garbage-first heap   total 567296K, used 328416K [0x00000000c0000000, 0x0000000100000000)
  region size 1024K, 175 young (179200K), 19 survivors (19456K)
 Metaspace       used 17148K, capacity 17576K, committed 17664K, reserved 1064960K
  class space    used 1787K, capacity 1984K, committed 2048K, reserved 1048576K
}
Event: 2.222 GC heap after
{Heap after GC invocations=13 (full 0):
 garbage-first heap   total 567296K, used 200704K [0x00000000c0000000, 0x0000000100000000)
  region size 1024K, 22 young (22528K), 22 survivors (22528K)
 Metaspace       used 17148K, capacity 17576K, committed 17664K, reserved 1064960K
  class space    used 1787K, capacity 1984K, committed 2048K, reserved 1048576K
}
Event: 2.370 GC heap before
{Heap before GC invocations=13 (full 0):
 garbage-first heap   total 567296K, used 365568K [0x00000000c0000000, 0x0000000100000000)
  region size 1024K, 183 young (187392K), 22 survivors (22528K)
 Metaspace       used 17168K, capacity 17640K, committed 17920K, reserved 1064960K
  class space    used 1789K, capacity 1984K, committed 2048K, reserved 1048576K
}
Event: 2.392 GC heap after
{Heap after GC invocations=14 (full 0):
 garbage-first heap   total 567296K, used 232932K [0x00000000c0000000, 0x0000000100000000)
  region size 1024K, 23 young (23552K), 23 survivors (23552K)
 Metaspace       used 17168K, capacity 17640K, committed 17920K, reserved 1064960K
  class space    used 1789K, capacity 1984K, committed 2048K, reserved 1048576K
}
Event: 2.538 GC heap before
{Heap before GC invocations=14 (full 0):
 garbage-first heap   total 567296K, used 392676K [0x00000000c0000000, 0x0000000100000000)
  region size 1024K, 179 young (183296K), 23 survivors (23552K)
 Metaspace       used 17168K, capacity 17640K, committed 17920K, reserved 1064960K
  class space    used 1789K, capacity 1984K, committed 2048K, reserved 1048576K
}
Event: 2.559 GC heap after
{Heap after GC invocations=15 (full 0):
 garbage-first heap   total 567296K, used 263168K [0x00000000c0000000, 0x0000000100000000)
  region size 1024K, 23 young (23552K), 23 survivors (23552K)
 Metaspace       used 17168K, capacity 17640K, committed 17920K, reserved 1064960K
  class space    used 1789K, capacity 1984K, committed 2048K, reserved 1048576K
}
Event: 2.707 GC heap before
{Heap before GC invocations=15 (full 0):
 garbage-first heap   total 567296K, used 299008K [0x00000000c0000000, 0x0000000100000000)
  region size 1024K, 59 young (60416K), 23 survivors (23552K)
 Metaspace       used 20381K, capacity 21140K, committed 21248K, reserved 1067008K
  class space    used 2381K, capacity 2748K, committed 2816K, reserved 1048576K
}

